<?xml version="1.0" encoding="UTF-8"?>
<!-- Generated by org.testng.reporters.JUnitReportReporter -->
<testsuite hostname="MSI" failures="0" tests="1" name="inventoryTest.AddLowestProductToCardTest" time="2.492" errors="0" timestamp="2025-04-17T08:21:38 IST" skipped="0">
  <testcase classname="inventoryTest.AddLowestProductToCardTest" name="tc_001_AddProductToCartTest" time="2.492"/>
  <system-out/>
</testsuite> <!-- inventoryTest.AddLowestProductToCardTest -->
