<?xml version="1.0" encoding="UTF-8"?>
<!-- Generated by org.testng.reporters.JUnitReportReporter -->
<testsuite hostname="MSI" failures="0" tests="1" name="inventoryTest.AddProductToCartTest" time="1.359" errors="0" timestamp="2025-04-04T08:37:46 IST" skipped="0">
  <testcase classname="inventoryTest.AddProductToCartTest" name="tc_001_AddProductToCartTest" time="1.359"/>
  <system-out/>
</testsuite> <!-- inventoryTest.AddProductToCartTest -->
