<?xml version="1.0" encoding="UTF-8"?>
<!-- Generated by org.testng.reporters.JUnitReportReporter -->
<testsuite hostname="MSI" failures="0" tests="1" name="inventoryTest.AddProductToCartTest" time="5.052" errors="0" timestamp="2025-04-16T07:59:16 IST" skipped="0">
  <testcase classname="inventoryTest.AddProductToCartTest" name="tc_001_AddProductToCartTest" time="5.052"/>
  <system-out/>
</testsuite> <!-- inventoryTest.AddProductToCartTest -->
