<?xml version="1.0" encoding="UTF-8"?>
<!-- Generated by org.testng.reporters.JUnitReportReporter -->
<testsuite hostname="MSI" failures="0" tests="1" name="TestNG.AddProductToCartTest" time="10.156" errors="0" timestamp="2025-04-03T08:34:19 IST" skipped="0">
  <testcase classname="TestNG.AddProductToCartTest" name="tc_001_AddProductToCartTest" time="10.156"/>
  <system-out/>
</testsuite> <!-- TestNG.AddProductToCartTest -->
