<?xml version="1.0" encoding="UTF-8"?>
<!-- Generated by org.testng.reporters.JUnitXMLReporter -->
<testsuite ignored="0" hostname="MSI" failures="0" tests="1" name="Test-Runner2" time="12.113" errors="0" timestamp="2025-04-09T08:29:12 IST">
  <testcase classname="inventoryTest.AddProductToCartTest" name="tc_001_AddProductToCartTest" time="4.747"/>
</testsuite> <!-- Test-Runner2 -->
